0 info it worked if it ends with ok
1 verbose cli [ 'node', '/usr/local/bin/npm', 'install', '-g', 'yo' ]
2 info using npm@1.3.21
3 info using node@v0.11.10-pre
4 verbose cache add [ 'yo', null ]
5 verbose cache add name=undefined spec="yo" args=["yo",null]
6 verbose parsed url { protocol: null,
6 verbose parsed url   slashes: null,
6 verbose parsed url   auth: null,
6 verbose parsed url   host: null,
6 verbose parsed url   port: null,
6 verbose parsed url   hostname: null,
6 verbose parsed url   hash: null,
6 verbose parsed url   search: null,
6 verbose parsed url   query: null,
6 verbose parsed url   pathname: 'yo',
6 verbose parsed url   path: 'yo',
6 verbose parsed url   href: 'yo' }
7 silly lockFile c41975d1-yo yo
8 verbose lock yo /home/partoo/.npm/c41975d1-yo.lock
9 silly lockFile c41975d1-yo yo
10 silly lockFile c41975d1-yo yo
11 verbose addNamed [ 'yo', '' ]
12 verbose addNamed [ null, '*' ]
13 silly lockFile d937c28e-yo yo@
14 verbose lock yo@ /home/partoo/.npm/d937c28e-yo.lock
15 silly addNameRange { name: 'yo', range: '*', hasData: false }
16 verbose url raw yo
17 verbose url resolving [ 'https://registry.npmjs.org/', './yo' ]
18 verbose url resolved https://registry.npmjs.org/yo
19 info trying registry request attempt 1 at 17:48:10
20 http GET https://registry.npmjs.org/yo
21 error TypeError: Request path contains unescaped characters.
21 error     at Agent.request (_http_agent.js:286:11)
21 error     at TunnelingAgent.exports.request (http.js:52:22)
21 error     at TunnelingAgent.createSocket (/usr/local/lib/node_modules/npm/node_modules/request/node_modules/tunnel-agent/index.js:117:25)
21 error     at TunnelingAgent.createSecureSocket [as createSocket] (/usr/local/lib/node_modules/npm/node_modules/request/node_modules/tunnel-agent/index.js:184:41)
21 error     at TunnelingAgent.addRequest (/usr/local/lib/node_modules/npm/node_modules/request/node_modules/tunnel-agent/index.js:80:8)
21 error     at new ClientRequest (_http_client.js:125:16)
21 error     at Agent.request (_http_agent.js:301:10)
21 error     at Object.exports.request (https.js:129:22)
21 error     at Request.start (/usr/local/lib/node_modules/npm/node_modules/request/request.js:583:30)
21 error     at Request.end (/usr/local/lib/node_modules/npm/node_modules/request/request.js:1237:28)
22 error If you need help, you may report this *entire* log,
22 error including the npm and node versions, at:
22 error     <http://github.com/isaacs/npm/issues>
23 error System Linux 3.2.0-57-generic
24 error command "node" "/usr/local/bin/npm" "install" "-g" "yo"
25 error cwd /var/www/iStar
26 error node -v v0.11.10-pre
27 error npm -v 1.3.21
28 verbose exit [ 1, true ]
